<?xml version="1.0" encoding="UTF-8"?>
<Site BuildName="(empty)"
	BuildStamp="20240125-0842-Experimental"
	Name="ythare"
	Generator="ctest-3.16.3"
	CompilerName="/usr/bin/g++"
	CompilerVersion="9.4.0"
	OSName="Linux"
	Hostname="ythare"
	OSRelease="5.15.0-91-generic"
	OSVersion="#101~20.04.1-Ubuntu SMP Thu Nov 16 14:22:28 UTC 2023"
	OSPlatform="x86_64"
	Is64Bits="1"
	VendorString="AuthenticAMD"
	VendorID="Advanced Micro Devices"
	FamilyID="23"
	ModelID="96"
	ProcessorCacheSize="512"
	NumberOfLogicalCPU="12"
	NumberOfPhysicalCPU="6"
	TotalVirtualMemory="62498"
	TotalPhysicalMemory="15400"
	LogicalProcessorsPerPhysical="2"
	ProcessorClockFrequency="2111.91"
	>
	<Testing>
		<StartDateTime>Jan 25 16:49 CST</StartDateTime>
		<StartTestTime>1706172568</StartTestTime>
		<TestList/>
		<EndDateTime>Jan 25 16:49 CST</EndDateTime>
		<EndTestTime>1706172568</EndTestTime>
		<ElapsedMinutes>0</ElapsedMinutes>
	</Testing>
</Site>
