<?xml version="1.0" encoding="UTF-8"?>
<Site BuildName="(empty)"
	BuildStamp="20240329-0752-Experimental"
	Name="ythare"
	Generator="ctest-3.16.3"
	CompilerName="/usr/bin/c++"
	CompilerVersion="9.4.0"
	OSName="Linux"
	Hostname="ythare"
	OSRelease="5.15.0-101-generic"
	OSVersion="#111~20.04.1-Ubuntu SMP Mon Mar 11 15:44:43 UTC 2024"
	OSPlatform="x86_64"
	Is64Bits="1"
	VendorString="AuthenticAMD"
	VendorID="Advanced Micro Devices"
	FamilyID="23"
	ModelID="96"
	ProcessorCacheSize="512"
	NumberOfLogicalCPU="12"
	NumberOfPhysicalCPU="6"
	TotalVirtualMemory="62498"
	TotalPhysicalMemory="15400"
	LogicalProcessorsPerPhysical="2"
	ProcessorClockFrequency="3882.19"
	>
	<Testing>
		<StartDateTime>Mar 29 22:00 CST</StartDateTime>
		<StartTestTime>1711720819</StartTestTime>
		<TestList/>
		<EndDateTime>Mar 29 22:00 CST</EndDateTime>
		<EndTestTime>1711720819</EndTestTime>
		<ElapsedMinutes>0</ElapsedMinutes>
	</Testing>
</Site>
